# JRE version: OpenJDK Runtime Environment Microsoft-25199 (11.0.12+7) (build 11.0.12+7)
# Java VM: OpenJDK 64-Bit Server VM Microsoft-25199 (11.0.12+7, mixed mode, tiered, compressed oops, g1 gc, windows-amd64)
Heap:
 garbage-first heap   total 632832K, used 40786K [0x0000000600800000, 0x0000000800000000)
  region size 2048K, 10 young (20480K), 10 survivors (20480K)
 Metaspace       used 14695K, capacity 15001K, committed 15232K, reserved 1062912K
  class space    used 1228K, capacity 1302K, committed 1408K, reserved 1048576K
GC Heap History (15 events):
Event: 0.973 GC heap before
{Heap before GC invocations=0 (full 0):
 garbage-first heap   total 524288K, used 22528K [0x0000000600800000, 0x0000000800000000)
  region size 2048K, 12 young (24576K), 0 survivors (0K)
 Metaspace       used 11565K, capacity 11772K, committed 11904K, reserved 1060864K
  class space    used 1001K, capacity 1049K, committed 1152K, reserved 1048576K
}
Event: 1.005 GC heap after
{Heap after GC invocations=1 (full 0):
 garbage-first heap   total 524288K, used 3777K [0x0000000600800000, 0x0000000800000000)
  region size 2048K, 2 young (4096K), 2 survivors (4096K)
 Metaspace       used 11565K, capacity 11772K, committed 11904K, reserved 1060864K
  class space    used 1001K, capacity 1049K, committed 1152K, reserved 1048576K
}
Event: 1.339 GC heap before
{Heap before GC invocations=1 (full 0):
 garbage-first heap   total 524288K, used 22209K [0x0000000600800000, 0x0000000800000000)
  region size 2048K, 12 young (24576K), 2 survivors (4096K)
 Metaspace       used 12501K, capacity 12806K, committed 13056K, reserved 1060864K
  class space    used 1077K, capacity 1170K, committed 1280K, reserved 1048576K
}
Event: 1.343 GC heap after
{Heap after GC invocations=2 (full 0):
 garbage-first heap   total 524288K, used 4613K [0x0000000600800000, 0x0000000800000000)
  region size 2048K, 1 young (2048K), 1 survivors (2048K)
 Metaspace       used 12501K, capacity 12806K, committed 13056K, reserved 1060864K
  class space    used 1077K, capacity 1170K, committed 1280K, reserved 1048576K
}
Event: 1.941 GC heap before
{Heap before GC invocations=2 (full 0):
 garbage-first heap   total 524288K, used 43525K [0x0000000600800000, 0x0000000800000000)
  region size 2048K, 21 young (43008K), 1 survivors (2048K)
 Metaspace       used 12830K, capacity 13131K, committed 13312K, reserved 1060864K
  class space    used 1077K, capacity 1170K, committed 1280K, reserved 1048576K
}
Event: 1.942 GC heap after
{Heap after GC invocations=3 (full 0):
 garbage-first heap   total 524288K, used 5802K [0x0000000600800000, 0x0000000800000000)
  region size 2048K, 1 young (2048K), 1 survivors (2048K)
 Metaspace       used 12830K, capacity 13131K, committed 13312K, reserved 1060864K
  class space    used 1077K, capacity 1170K, committed 1280K, reserved 1048576K
}
Event: 3.725 GC heap before
{Heap before GC invocations=3 (full 0):
 garbage-first heap   total 524288K, used 85674K [0x0000000600800000, 0x0000000800000000)
  region size 2048K, 41 young (83968K), 1 survivors (2048K)
 Metaspace       used 12864K, capacity 13196K, committed 13312K, reserved 1060864K
  class space    used 1077K, capacity 1170K, committed 1280K, reserved 1048576K
}
Event: 3.726 GC heap after
{Heap after GC invocations=4 (full 0):
 garbage-first heap   total 524288K, used 7034K [0x0000000600800000, 0x0000000800000000)
  region size 2048K, 2 young (4096K), 2 survivors (4096K)
 Metaspace       used 12864K, capacity 13196K, committed 13312K, reserved 1060864K
  class space    used 1077K, capacity 1170K, committed 1280K, reserved 1048576K
}
Event: 4.489 GC heap before
{Heap before GC invocations=4 (full 0):
 garbage-first heap   total 524288K, used 105338K [0x0000000600800000, 0x0000000800000000)
  region size 2048K, 51 young (104448K), 2 survivors (4096K)
 Metaspace       used 14241K, capacity 14485K, committed 14720K, reserved 1062912K
  class space    used 1207K, capacity 1301K, committed 1408K, reserved 1048576K
}
Event: 4.500 GC heap after
{Heap after GC invocations=5 (full 0):
 garbage-first heap   total 524288K, used 23114K [0x0000000600800000, 0x0000000800000000)
  region size 2048K, 7 young (14336K), 7 survivors (14336K)
 Metaspace       used 14241K, capacity 14485K, committed 14720K, reserved 1062912K
  class space    used 1207K, capacity 1301K, committed 1408K, reserved 1048576K
}
Event: 4.771 GC heap before
{Heap before GC invocations=5 (full 0):
 garbage-first heap   total 524288K, used 148042K [0x0000000600800000, 0x0000000800000000)
  region size 2048K, 69 young (141312K), 7 survivors (14336K)
 Metaspace       used 14610K, capacity 14872K, committed 15232K, reserved 1062912K
  class space    used 1226K, capacity 1302K, committed 1408K, reserved 1048576K
}
Event: 4.781 GC heap after
{Heap after GC invocations=6 (full 0):
 garbage-first heap   total 524288K, used 27082K [0x0000000600800000, 0x0000000800000000)
  region size 2048K, 6 young (12288K), 6 survivors (12288K)
 Metaspace       used 14610K, capacity 14872K, committed 15232K, reserved 1062912K
  class space    used 1226K, capacity 1302K, committed 1408K, reserved 1048576K
}
Event: 4.967 GC heap before
{Heap before GC invocations=6 (full 0):
 garbage-first heap   total 524288K, used 176586K [0x0000000600800000, 0x0000000800000000)
  region size 2048K, 79 young (161792K), 6 survivors (12288K)
 Metaspace       used 14612K, capacity 14872K, committed 15232K, reserved 1062912K
  class space    used 1226K, capacity 1302K, committed 1408K, reserved 1048576K
}
Event: 4.973 GC heap after
{Heap after GC invocations=7 (full 0):
 garbage-first heap   total 524288K, used 33106K [0x0000000600800000, 0x0000000800000000)
  region size 2048K, 7 young (14336K), 7 survivors (14336K)
 Metaspace       used 14612K, capacity 14872K, committed 15232K, reserved 1062912K
  class space    used 1226K, capacity 1302K, committed 1408K, reserved 1048576K
}
Event: 5.360 GC heap before
{Heap before GC invocations=7 (full 0):
 garbage-first heap   total 524288K, used 330066K [0x0000000600800000, 0x0000000800000000)
  region size 2048K, 153 young (313344K), 7 survivors (14336K)
 Metaspace       used 14695K, capacity 15001K, committed 15232K, reserved 1062912K
  class space    used 1228K, capacity 1302K, committed 1408K, reserved 1048576K
}

