# JRE version: OpenJDK Runtime Environment Microsoft-25199 (11.0.12+7) (build 11.0.12+7)
# Java VM: OpenJDK 64-Bit Server VM Microsoft-25199 (11.0.12+7, mixed mode, tiered, compressed oops, g1 gc, windows-amd64)
Heap:
 garbage-first heap   total 524288K, used 32716K [0x0000000600800000, 0x0000000800000000)
  region size 2048K, 17 young (34816K), 2 survivors (4096K)
 Metaspace       used 12775K, capacity 13059K, committed 13184K, reserved 1060864K
  class space    used 1067K, capacity 1151K, committed 1152K, reserved 1048576K
GC Heap History (6 events):
Event: 1.021 GC heap before
{Heap before GC invocations=0 (full 0):
 garbage-first heap   total 524288K, used 22528K [0x0000000600800000, 0x0000000800000000)
  region size 2048K, 12 young (24576K), 0 survivors (0K)
 Metaspace       used 11639K, capacity 11848K, committed 12160K, reserved 1060864K
  class space    used 1015K, capacity 1053K, committed 1152K, reserved 1048576K
}
Event: 1.031 GC heap after
{Heap after GC invocations=1 (full 0):
 garbage-first heap   total 524288K, used 3682K [0x0000000600800000, 0x0000000800000000)
  region size 2048K, 2 young (4096K), 2 survivors (4096K)
 Metaspace       used 11639K, capacity 11848K, committed 12160K, reserved 1060864K
  class space    used 1015K, capacity 1053K, committed 1152K, reserved 1048576K
}
Event: 1.426 GC heap before
{Heap before GC invocations=1 (full 0):
 garbage-first heap   total 524288K, used 24162K [0x0000000600800000, 0x0000000800000000)
  region size 2048K, 12 young (24576K), 2 survivors (4096K)
 Metaspace       used 12426K, capacity 12669K, committed 12672K, reserved 1060864K
  class space    used 1067K, capacity 1151K, committed 1152K, reserved 1048576K
}
Event: 1.429 GC heap after
{Heap after GC invocations=2 (full 0):
 garbage-first heap   total 524288K, used 4668K [0x0000000600800000, 0x0000000800000000)
  region size 2048K, 1 young (2048K), 1 survivors (2048K)
 Metaspace       used 12426K, capacity 12669K, committed 12672K, reserved 1060864K
  class space    used 1067K, capacity 1151K, committed 1152K, reserved 1048576K
}
Event: 1.898 GC heap before
{Heap before GC invocations=2 (full 0):
 garbage-first heap   total 524288K, used 47676K [0x0000000600800000, 0x0000000800000000)
  region size 2048K, 22 young (45056K), 1 survivors (2048K)
 Metaspace       used 12746K, capacity 12995K, committed 13184K, reserved 1060864K
  class space    used 1067K, capacity 1151K, committed 1152K, reserved 1048576K
}
Event: 1.899 GC heap after
{Heap after GC invocations=3 (full 0):
 garbage-first heap   total 524288K, used 6092K [0x0000000600800000, 0x0000000800000000)
  region size 2048K, 2 young (4096K), 2 survivors (4096K)
 Metaspace       used 12746K, capacity 12995K, committed 13184K, reserved 1060864K
  class space    used 1067K, capacity 1151K, committed 1152K, reserved 1048576K
}

