# JRE version: OpenJDK Runtime Environment Microsoft-25199 (11.0.12+7) (build 11.0.12+7)
# Java VM: OpenJDK 64-Bit Server VM Microsoft-25199 (11.0.12+7, mixed mode, tiered, compressed oops, g1 gc, windows-amd64)
Heap:
 garbage-first heap   total 370688K, used 86736K [0x0000000600800000, 0x0000000800000000)
  region size 1024K, 5 young (5120K), 5 survivors (5120K)
 Metaspace       used 18255K, capacity 18582K, committed 18816K, reserved 1067008K
  class space    used 1695K, capacity 1821K, committed 1920K, reserved 1048576K
GC Heap History (20 events):
Event: 1.434 GC heap after
{Heap after GC invocations=34 (full 0):
 garbage-first heap   total 38912K, used 23760K [0x0000000600800000, 0x0000000800000000)
  region size 1024K, 1 young (1024K), 1 survivors (1024K)
 Metaspace       used 13822K, capacity 14132K, committed 14336K, reserved 1062912K
  class space    used 1434K, capacity 1503K, committed 1536K, reserved 1048576K
}
Event: 1.455 GC heap before
{Heap before GC invocations=34 (full 0):
 garbage-first heap   total 38912K, used 27856K [0x0000000600800000, 0x0000000800000000)
  region size 1024K, 5 young (5120K), 1 survivors (1024K)
 Metaspace       used 13822K, capacity 14132K, committed 14336K, reserved 1062912K
  class space    used 1434K, capacity 1503K, committed 1536K, reserved 1048576K
}
Event: 1.456 GC heap after
{Heap after GC invocations=35 (full 0):
 garbage-first heap   total 38912K, used 24091K [0x0000000600800000, 0x0000000800000000)
  region size 1024K, 1 young (1024K), 1 survivors (1024K)
 Metaspace       used 13822K, capacity 14132K, committed 14336K, reserved 1062912K
  class space    used 1434K, capacity 1503K, committed 1536K, reserved 1048576K
}
Event: 1.544 GC heap before
{Heap before GC invocations=36 (full 0):
 garbage-first heap   total 48128K, used 42523K [0x0000000600800000, 0x0000000800000000)
  region size 1024K, 5 young (5120K), 1 survivors (1024K)
 Metaspace       used 13865K, capacity 14132K, committed 14336K, reserved 1062912K
  class space    used 1434K, capacity 1503K, committed 1536K, reserved 1048576K
}
Event: 1.547 GC heap after
{Heap after GC invocations=37 (full 0):
 garbage-first heap   total 96256K, used 25123K [0x0000000600800000, 0x0000000800000000)
  region size 1024K, 1 young (1024K), 1 survivors (1024K)
 Metaspace       used 13865K, capacity 14132K, committed 14336K, reserved 1062912K
  class space    used 1434K, capacity 1503K, committed 1536K, reserved 1048576K
}
Event: 1.944 GC heap before
{Heap before GC invocations=37 (full 0):
 garbage-first heap   total 96256K, used 49699K [0x0000000600800000, 0x0000000800000000)
  region size 1024K, 23 young (23552K), 1 survivors (1024K)
 Metaspace       used 15085K, capacity 15370K, committed 15488K, reserved 1062912K
  class space    used 1527K, capacity 1638K, committed 1664K, reserved 1048576K
}
Event: 1.952 GC heap after
{Heap after GC invocations=38 (full 0):
 garbage-first heap   total 96256K, used 34757K [0x0000000600800000, 0x0000000800000000)
  region size 1024K, 3 young (3072K), 3 survivors (3072K)
 Metaspace       used 15085K, capacity 15370K, committed 15488K, reserved 1062912K
  class space    used 1527K, capacity 1638K, committed 1664K, reserved 1048576K
}
Event: 2.373 GC heap before
{Heap before GC invocations=38 (full 0):
 garbage-first heap   total 96256K, used 57285K [0x0000000600800000, 0x0000000800000000)
  region size 1024K, 24 young (24576K), 3 survivors (3072K)
 Metaspace       used 15589K, capacity 15897K, committed 16128K, reserved 1062912K
  class space    used 1563K, capacity 1685K, committed 1792K, reserved 1048576K
}
Event: 2.383 GC heap after
{Heap after GC invocations=39 (full 0):
 garbage-first heap   total 96256K, used 40960K [0x0000000600800000, 0x0000000800000000)
  region size 1024K, 3 young (3072K), 3 survivors (3072K)
 Metaspace       used 15589K, capacity 15897K, committed 16128K, reserved 1062912K
  class space    used 1563K, capacity 1685K, committed 1792K, reserved 1048576K
}
Event: 2.508 GC heap before
{Heap before GC invocations=39 (full 0):
 garbage-first heap   total 96256K, used 61440K [0x0000000600800000, 0x0000000800000000)
  region size 1024K, 23 young (23552K), 3 survivors (3072K)
 Metaspace       used 15936K, capacity 16257K, committed 16384K, reserved 1064960K
  class space    used 1588K, capacity 1696K, committed 1792K, reserved 1048576K
}
Event: 2.528 GC heap after
{Heap after GC invocations=40 (full 0):
 garbage-first heap   total 96256K, used 54739K [0x0000000600800000, 0x0000000800000000)
  region size 1024K, 3 young (3072K), 3 survivors (3072K)
 Metaspace       used 15936K, capacity 16257K, committed 16384K, reserved 1064960K
  class space    used 1588K, capacity 1696K, committed 1792K, reserved 1048576K
}
Event: 2.553 GC heap before
{Heap before GC invocations=40 (full 0):
 garbage-first heap   total 96256K, used 67027K [0x0000000600800000, 0x0000000800000000)
  region size 1024K, 15 young (15360K), 3 survivors (3072K)
 Metaspace       used 15970K, capacity 16265K, committed 16384K, reserved 1064960K
  class space    used 1590K, capacity 1699K, committed 1792K, reserved 1048576K
}
Event: 2.573 GC heap after
{Heap after GC invocations=41 (full 0):
 garbage-first heap   total 192512K, used 64000K [0x0000000600800000, 0x0000000800000000)
  region size 1024K, 2 young (2048K), 2 survivors (2048K)
 Metaspace       used 15970K, capacity 16265K, committed 16384K, reserved 1064960K
  class space    used 1590K, capacity 1699K, committed 1792K, reserved 1048576K
}
Event: 2.871 GC heap before
{Heap before GC invocations=42 (full 0):
 garbage-first heap   total 192512K, used 103936K [0x0000000600800000, 0x0000000800000000)
  region size 1024K, 39 young (39936K), 2 survivors (2048K)
 Metaspace       used 16296K, capacity 16542K, committed 16640K, reserved 1064960K
  class space    used 1596K, capacity 1700K, committed 1792K, reserved 1048576K
}
Event: 2.886 GC heap after
{Heap after GC invocations=43 (full 0):
 garbage-first heap   total 192512K, used 75776K [0x0000000600800000, 0x0000000800000000)
  region size 1024K, 5 young (5120K), 5 survivors (5120K)
 Metaspace       used 16296K, capacity 16542K, committed 16640K, reserved 1064960K
  class space    used 1596K, capacity 1700K, committed 1792K, reserved 1048576K
}
Event: 3.727 GC heap before
{Heap before GC invocations=43 (full 0):
 garbage-first heap   total 192512K, used 115712K [0x0000000600800000, 0x0000000800000000)
  region size 1024K, 44 young (45056K), 5 survivors (5120K)
 Metaspace       used 17680K, capacity 18001K, committed 18304K, reserved 1064960K
  class space    used 1693K, capacity 1821K, committed 1920K, reserved 1048576K
}
Event: 3.740 GC heap after
{Heap after GC invocations=44 (full 0):
 garbage-first heap   total 192512K, used 82089K [0x0000000600800000, 0x0000000800000000)
  region size 1024K, 6 young (6144K), 6 survivors (6144K)
 Metaspace       used 17680K, capacity 18001K, committed 18304K, reserved 1064960K
  class space    used 1693K, capacity 1821K, committed 1920K, reserved 1048576K
}
Event: 4.536 GC heap before
{Heap before GC invocations=44 (full 0):
 garbage-first heap   total 192512K, used 123049K [0x0000000600800000, 0x0000000800000000)
  region size 1024K, 46 young (47104K), 6 survivors (6144K)
 Metaspace       used 18121K, capacity 18453K, committed 18560K, reserved 1067008K
  class space    used 1695K, capacity 1821K, committed 1920K, reserved 1048576K
}
Event: 4.544 GC heap after
{Heap after GC invocations=45 (full 0):
 garbage-first heap   total 192512K, used 84462K [0x0000000600800000, 0x0000000800000000)
  region size 1024K, 3 young (3072K), 3 survivors (3072K)
 Metaspace       used 18121K, capacity 18453K, committed 18560K, reserved 1067008K
  class space    used 1695K, capacity 1821K, committed 1920K, reserved 1048576K
}
Event: 4.864 GC heap before
{Heap before GC invocations=45 (full 0):
 garbage-first heap   total 192512K, used 130542K [0x0000000600800000, 0x0000000800000000)
  region size 1024K, 48 young (49152K), 3 survivors (3072K)
 Metaspace       used 18255K, capacity 18582K, committed 18816K, reserved 1067008K
  class space    used 1695K, capacity 1821K, committed 1920K, reserved 1048576K
}

