# JRE version: OpenJDK Runtime Environment Microsoft-25199 (11.0.12+7) (build 11.0.12+7)
# Java VM: OpenJDK 64-Bit Server VM Microsoft-25199 (11.0.12+7, mixed mode, tiered, compressed oops, g1 gc, windows-amd64)
Heap:
 garbage-first heap   total 319488K, used 126709K [0x0000000600800000, 0x0000000800000000)
  region size 1024K, 44 young (45056K), 1 survivors (1024K)
 Metaspace       used 18299K, capacity 18651K, committed 18816K, reserved 1067008K
  class space    used 1696K, capacity 1821K, committed 1920K, reserved 1048576K
GC Heap History (20 events):
Event: 4.012 GC heap before
{Heap before GC invocations=39 (full 0):
 garbage-first heap   total 38912K, used 27837K [0x0000000600800000, 0x0000000800000000)
  region size 1024K, 5 young (5120K), 1 survivors (1024K)
 Metaspace       used 13821K, capacity 14132K, committed 14336K, reserved 1062912K
  class space    used 1434K, capacity 1503K, committed 1536K, reserved 1048576K
}
Event: 4.015 GC heap after
{Heap after GC invocations=40 (full 0):
 garbage-first heap   total 79872K, used 24113K [0x0000000600800000, 0x0000000800000000)
  region size 1024K, 1 young (1024K), 1 survivors (1024K)
 Metaspace       used 13821K, capacity 14132K, committed 14336K, reserved 1062912K
  class space    used 1434K, capacity 1503K, committed 1536K, reserved 1048576K
}
Event: 4.300 GC heap before
{Heap before GC invocations=41 (full 0):
 garbage-first heap   total 79872K, used 56881K [0x0000000600800000, 0x0000000800000000)
  region size 1024K, 19 young (19456K), 1 survivors (1024K)
 Metaspace       used 13962K, capacity 14262K, committed 14336K, reserved 1062912K
  class space    used 1434K, capacity 1503K, committed 1536K, reserved 1048576K
}
Event: 4.306 GC heap after
{Heap after GC invocations=42 (full 0):
 garbage-first heap   total 79872K, used 29339K [0x0000000600800000, 0x0000000800000000)
  region size 1024K, 3 young (3072K), 3 survivors (3072K)
 Metaspace       used 13962K, capacity 14262K, committed 14336K, reserved 1062912K
  class space    used 1434K, capacity 1503K, committed 1536K, reserved 1048576K
}
Event: 4.705 GC heap before
{Heap before GC invocations=42 (full 0):
 garbage-first heap   total 79872K, used 50843K [0x0000000600800000, 0x0000000800000000)
  region size 1024K, 22 young (22528K), 3 survivors (3072K)
 Metaspace       used 15274K, capacity 15508K, committed 15744K, reserved 1062912K
  class space    used 1541K, capacity 1641K, committed 1664K, reserved 1048576K
}
Event: 4.714 GC heap after
{Heap after GC invocations=43 (full 0):
 garbage-first heap   total 79872K, used 37268K [0x0000000600800000, 0x0000000800000000)
  region size 1024K, 3 young (3072K), 3 survivors (3072K)
 Metaspace       used 15274K, capacity 15508K, committed 15744K, reserved 1062912K
  class space    used 1541K, capacity 1641K, committed 1664K, reserved 1048576K
}
Event: 5.021 GC heap before
{Heap before GC invocations=43 (full 0):
 garbage-first heap   total 79872K, used 53652K [0x0000000600800000, 0x0000000800000000)
  region size 1024K, 18 young (18432K), 3 survivors (3072K)
 Metaspace       used 15858K, capacity 16190K, committed 16384K, reserved 1064960K
  class space    used 1588K, capacity 1695K, committed 1792K, reserved 1048576K
}
Event: 5.030 GC heap after
{Heap after GC invocations=44 (full 0):
 garbage-first heap   total 79872K, used 43472K [0x0000000600800000, 0x0000000800000000)
  region size 1024K, 3 young (3072K), 3 survivors (3072K)
 Metaspace       used 15858K, capacity 16190K, committed 16384K, reserved 1064960K
  class space    used 1588K, capacity 1695K, committed 1792K, reserved 1048576K
}
Event: 5.101 GC heap before
{Heap before GC invocations=44 (full 0):
 garbage-first heap   total 79872K, used 56784K [0x0000000600800000, 0x0000000800000000)
  region size 1024K, 16 young (16384K), 3 survivors (3072K)
 Metaspace       used 15917K, capacity 16258K, committed 16384K, reserved 1064960K
  class space    used 1588K, capacity 1696K, committed 1792K, reserved 1048576K
}
Event: 5.120 GC heap after
{Heap after GC invocations=45 (full 0):
 garbage-first heap   total 159744K, used 53150K [0x0000000600800000, 0x0000000800000000)
  region size 1024K, 2 young (2048K), 2 survivors (2048K)
 Metaspace       used 15917K, capacity 16258K, committed 16384K, reserved 1064960K
  class space    used 1588K, capacity 1696K, committed 1792K, reserved 1048576K
}
Event: 5.363 GC heap before
{Heap before GC invocations=46 (full 0):
 garbage-first heap   total 159744K, used 87966K [0x0000000600800000, 0x0000000800000000)
  region size 1024K, 34 young (34816K), 2 survivors (2048K)
 Metaspace       used 16250K, capacity 16541K, committed 16640K, reserved 1064960K
  class space    used 1596K, capacity 1700K, committed 1792K, reserved 1048576K
}
Event: 5.393 GC heap after
{Heap after GC invocations=47 (full 0):
 garbage-first heap   total 159744K, used 72704K [0x0000000600800000, 0x0000000800000000)
  region size 1024K, 5 young (5120K), 5 survivors (5120K)
 Metaspace       used 16250K, capacity 16541K, committed 16640K, reserved 1064960K
  class space    used 1596K, capacity 1700K, committed 1792K, reserved 1048576K
}
Event: 5.652 GC heap before
{Heap before GC invocations=47 (full 0):
 garbage-first heap   total 159744K, used 99328K [0x0000000600800000, 0x0000000800000000)
  region size 1024K, 31 young (31744K), 5 survivors (5120K)
 Metaspace       used 16319K, capacity 16609K, committed 16896K, reserved 1064960K
  class space    used 1596K, capacity 1700K, committed 1792K, reserved 1048576K
}
Event: 5.663 GC heap after
{Heap after GC invocations=48 (full 0):
 garbage-first heap   total 159744K, used 78336K [0x0000000600800000, 0x0000000800000000)
  region size 1024K, 4 young (4096K), 4 survivors (4096K)
 Metaspace       used 16319K, capacity 16609K, committed 16896K, reserved 1064960K
  class space    used 1596K, capacity 1700K, committed 1792K, reserved 1048576K
}
Event: 6.246 GC heap before
{Heap before GC invocations=48 (full 0):
 garbage-first heap   total 159744K, used 104960K [0x0000000600800000, 0x0000000800000000)
  region size 1024K, 30 young (30720K), 4 survivors (4096K)
 Metaspace       used 17651K, capacity 18004K, committed 18304K, reserved 1064960K
  class space    used 1694K, capacity 1821K, committed 1920K, reserved 1048576K
}
Event: 6.256 GC heap after
{Heap after GC invocations=49 (full 0):
 garbage-first heap   total 159744K, used 82468K [0x0000000600800000, 0x0000000800000000)
  region size 1024K, 4 young (4096K), 4 survivors (4096K)
 Metaspace       used 17651K, capacity 18004K, committed 18304K, reserved 1064960K
  class space    used 1694K, capacity 1821K, committed 1920K, reserved 1048576K
}
Event: 7.039 GC heap before
{Heap before GC invocations=50 (full 0):
 garbage-first heap   total 159744K, used 109092K [0x0000000600800000, 0x0000000800000000)
  region size 1024K, 31 young (31744K), 4 survivors (4096K)
 Metaspace       used 18047K, capacity 18390K, committed 18560K, reserved 1067008K
  class space    used 1695K, capacity 1821K, committed 1920K, reserved 1048576K
}
Event: 7.052 GC heap after
{Heap after GC invocations=51 (full 0):
 garbage-first heap   total 319488K, used 82792K [0x0000000600800000, 0x0000000800000000)
  region size 1024K, 2 young (2048K), 2 survivors (2048K)
 Metaspace       used 18047K, capacity 18390K, committed 18560K, reserved 1067008K
  class space    used 1695K, capacity 1821K, committed 1920K, reserved 1048576K
}
Event: 7.197 GC heap before
{Heap before GC invocations=51 (full 0):
 garbage-first heap   total 319488K, used 96104K [0x0000000600800000, 0x0000000800000000)
  region size 1024K, 15 young (15360K), 2 survivors (2048K)
 Metaspace       used 18175K, capacity 18519K, committed 18816K, reserved 1067008K
  class space    used 1696K, capacity 1821K, committed 1920K, reserved 1048576K
}
Event: 7.203 GC heap after
{Heap after GC invocations=52 (full 0):
 garbage-first heap   total 319488K, used 83701K [0x0000000600800000, 0x0000000800000000)
  region size 1024K, 1 young (1024K), 1 survivors (1024K)
 Metaspace       used 18175K, capacity 18519K, committed 18816K, reserved 1067008K
  class space    used 1696K, capacity 1821K, committed 1920K, reserved 1048576K
}

